=== Go GC 机制实验验证 ===
Go版本: go1.22.12
操作系统: darwin arm64
CPU核心: 14
GOGC设置: 100 (默认)

=== 基础GC行为观察 ===
初始 - 堆: 156.9 KB, GC: 0次
分配 100000 个 4096 字节块...
10000次后 - 堆: 41.5 MB, GC: 4次, 暂停: 114.709µs
20000次后 - 堆: 80.6 MB, GC: 4次, 暂停: 114.709µs
30000次后 - 堆: 119.6 MB, GC: 5次, 暂停: 121.293µs
40000次后 - 堆: 158.7 MB, GC: 5次, 暂停: 121.293µs
50000次后 - 堆: 197.8 MB, GC: 6次, 暂停: 155.459µs
60000次后 - 堆: 236.8 MB, GC: 6次, 暂停: 155.459µs
70000次后 - 堆: 275.9 MB, GC: 6次, 暂停: 155.459µs
80000次后 - 堆: 315.0 MB, GC: 6次, 暂停: 155.459µs
90000次后 - 堆: 354.0 MB, GC: 7次, 暂停: 162.375µs
手动GC...
GC后 - 堆: 170.6 KB, GC: 8次, 总暂停: 166.833µs
释放引用...
释放后 - 堆: 170.6 KB, GC: 9次

总结:
阶段         堆内存          GC次数     暂停时间        
初始         156.9 KB     0        0s          
分配后        170.6 KB     8        166.833µs   
释放后        170.6 KB     9        170.499µs   

